<?xml version="1.0" encoding="UTF-8"?>
<!-- Generated by org.testng.reporters.JUnitReportReporter -->
<testsuite hostname="Irem-MBP" failures="0" tests="1" name="steps.FrameHandle" time="6.235" errors="0" timestamp="2024-10-24T09:13:13 EDT" skipped="0">
  <testcase classname="steps.FrameHandle" name="frame2Handle" time="6.235"/>
</testsuite> <!-- steps.FrameHandle -->
