<?xml version="1.0" encoding="UTF-8"?>
<!-- Generated by org.testng.reporters.JUnitReportReporter -->
<testsuite hostname="Irem-MBP" failures="0" tests="1" name="steps.AlertHandle" time="16.518" errors="0" timestamp="2024-10-23T11:26:31 EDT" skipped="0">
  <testcase classname="steps.AlertHandle" name="handling" time="16.518"/>
</testsuite> <!-- steps.AlertHandle -->
