<?xml version="1.0" encoding="UTF-8"?>
<!-- Generated by org.testng.reporters.JUnitReportReporter -->
<testsuite hostname="Irem-MBP" failures="0" tests="1" name="steps.WindowHandle" time="21.753" errors="0" timestamp="2024-10-23T11:41:58 EDT" skipped="0">
  <testcase classname="steps.WindowHandle" name="windHand" time="21.753"/>
</testsuite> <!-- steps.WindowHandle -->
