<?xml version="1.0" encoding="UTF-8"?>
<!-- Generated by org.testng.reporters.JUnitReportReporter -->
<testsuite hostname="Irem-MBP" failures="0" tests="1" name="HomeWorks.SeleniumHw12" time="37.714" errors="0" timestamp="2024-10-24T17:31:09 EDT" skipped="0">
  <testcase classname="HomeWorks.SeleniumHw12" name="dragDrop" time="37.714"/>
</testsuite> <!-- HomeWorks.SeleniumHw12 -->
