<?xml version="1.0" encoding="UTF-8"?>
<!-- Generated by org.testng.reporters.JUnitReportReporter -->
<testsuite hostname="Irem-MBP" failures="0" tests="1" name="steps.TableHandle" time="8.054" errors="0" timestamp="2024-10-24T13:10:23 EDT" skipped="0">
  <testcase classname="steps.TableHandle" name="table2Test" time="8.054"/>
</testsuite> <!-- steps.TableHandle -->
